[debug] > Exec(early(addDefaultCommands), None, None)
[debug] > Exec(addDefaultCommands, None, None)
[debug] > Exec(early(initialize), None, None)
[debug] > Exec(initialize, None, None)
[debug] > Exec(boot, None, None)
[debug] > Exec(writeSbtVersion, None, None)
[debug] > Exec(reload, None, None)
[debug] > Exec(sbtStashOnFailure, None, None)
[debug] > Exec(onFailure loadFailed, None, None)
[debug] > Exec(loadp, None, None)
[info] welcome to sbt 1.9.8 (Amazon.com Inc. Java 19.0.2)
[debug]       Load.loadUnit: plugins took 32.345515ms
[debug]       Load.loadUnit: defsScala took 0.115169ms
[debug] [Loading] Scanning directory /home/owais/.sbt/1.0/plugins
[debug] [Loading] Found non-root projects 
[debug] [Loading] Done in /home/owais/.sbt/1.0/plugins, returning: ()
[debug] deducing auto plugins based on known facts Set(Atom(sbt.plugins.CorePlugin)) and clauses Clauses(Clause(Atom(sbt.plugins.JvmPlugin),Set(Atom(sbt.plugins.IvyPlugin)))
[debug] Clause(Atom(sbt.ScriptedPlugin),Set(Atom(sbt.plugins.JvmPlugin)))
[debug] Clause(Atom(sbt.plugins.SbtPlugin),Set(Atom(sbt.ScriptedPlugin)))
[debug] Clause(Atom(sbt.plugins.SemanticdbPlugin),Set(Atom(sbt.plugins.JvmPlugin)))
[debug] Clause(Atom(sbt.plugins.JUnitXmlReportPlugin),Set(Atom(sbt.plugins.JvmPlugin)))
[debug] Clause(Atom(sbt.plugins.MiniDependencyTreePlugin),Set(Atom(sbt.plugins.JvmPlugin)))
[debug] Clause(Atom(sbt.plugins.CorePlugin),Set(Atom(sbt.plugins.IvyPlugin)))
[debug] Clause(Atom(sbt.plugins.IvyPlugin),Set(Atom(sbt.plugins.JvmPlugin)))
[debug] Clause(Atom(sbt.plugins.JvmPlugin),Set(Atom(sbt.plugins.SemanticdbPlugin)))
[debug] Clause(Atom(sbt.plugins.JvmPlugin),Set(Atom(sbt.plugins.JUnitXmlReportPlugin)))
[debug] Clause(Atom(sbt.plugins.CorePlugin),Set(Atom(sbt.plugins.Giter8TemplatePlugin)))
[debug] Clause(Atom(sbt.plugins.JvmPlugin),Set(Atom(sbt.plugins.MiniDependencyTreePlugin))))
[debug]   :: deduced result: Matched(sbt.plugins.CorePlugin,sbt.plugins.Giter8TemplatePlugin,sbt.plugins.IvyPlugin,sbt.plugins.JvmPlugin,sbt.plugins.MiniDependencyTreePlugin,sbt.plugins.JUnitXmlReportPlugin,sbt.plugins.SemanticdbPlugin)
[debug] Plugins.deducer#function took 7.266784 ms
[debug]           Load.resolveProject(global-plugins) took 19.710334ms
[debug]         Load.loadTransitive: finalizeProject(Project(id global-plugins, base: /home/owais/.sbt/1.0/plugins, plugins: List(<none>))) took 36.097664ms
[debug] [Loading] Done in /home/owais/.sbt/1.0/plugins, returning: (global-plugins)
[debug]       Load.loadUnit: loadedProjectsRaw took 45.704417ms
[debug]       Load.loadUnit: cleanEvalClasses took 0.085026ms
[debug]     Load.loadUnit(file:/home/owais/.sbt/1.0/plugins/, ...) took 81.933864ms
[debug]   Load.apply: load took 164.712506ms
[debug]   Load.apply: resolveProjects took 2.496066ms
[debug]   Load.apply: finalTransforms took 26.871066ms
[debug]   Load.apply: config.delegates took 5.233002ms
[debug]   Load.apply: Def.make(settings)... took 187.377083ms
[debug]   Load.apply: structureIndex took 49.088981ms
[debug]   Load.apply: mkStreams took 0.898651ms
[info] loading global plugins from /home/owais/.sbt/1.0/plugins
[debug] Running task... Cancel: Signal, check cycles: false, forcegc: true
[debug] Load.defaultLoad until apply took 967.401545ms
[debug]           Load.loadUnit: plugins took 4.84663ms
[debug]           Load.loadUnit: defsScala took 0.002281ms
[debug] [Loading] Scanning directory /home/owais/Desktop/scala-essentials/project
[debug] [Loading] Found non-root projects 
[debug] [Loading] Done in /home/owais/Desktop/scala-essentials/project, returning: ()
[debug] deducing auto plugins based on known facts Set(Atom(sbt.plugins.CorePlugin)) and clauses Clauses(Clause(Atom(sbt.plugins.JvmPlugin),Set(Atom(sbt.plugins.IvyPlugin)))
[debug] Clause(Atom(sbt.ScriptedPlugin),Set(Atom(sbt.plugins.JvmPlugin)))
[debug] Clause(Atom(sbt.plugins.SbtPlugin),Set(Atom(sbt.ScriptedPlugin)))
[debug] Clause(Atom(sbt.plugins.SemanticdbPlugin),Set(Atom(sbt.plugins.JvmPlugin)))
[debug] Clause(Atom(sbt.plugins.JUnitXmlReportPlugin),Set(Atom(sbt.plugins.JvmPlugin)))
[debug] Clause(Atom(sbt.plugins.MiniDependencyTreePlugin),Set(Atom(sbt.plugins.JvmPlugin)))
[debug] Clause(Atom(sbt.plugins.CorePlugin),Set(Atom(sbt.plugins.IvyPlugin)))
[debug] Clause(Atom(sbt.plugins.IvyPlugin),Set(Atom(sbt.plugins.JvmPlugin)))
[debug] Clause(Atom(sbt.plugins.JvmPlugin),Set(Atom(sbt.plugins.SemanticdbPlugin)))
[debug] Clause(Atom(sbt.plugins.JvmPlugin),Set(Atom(sbt.plugins.JUnitXmlReportPlugin)))
[debug] Clause(Atom(sbt.plugins.CorePlugin),Set(Atom(sbt.plugins.Giter8TemplatePlugin)))
[debug] Clause(Atom(sbt.plugins.JvmPlugin),Set(Atom(sbt.plugins.MiniDependencyTreePlugin))))
[debug]   :: deduced result: Matched(sbt.plugins.CorePlugin,sbt.plugins.Giter8TemplatePlugin,sbt.plugins.IvyPlugin,sbt.plugins.JvmPlugin,sbt.plugins.MiniDependencyTreePlugin,sbt.plugins.JUnitXmlReportPlugin,sbt.plugins.SemanticdbPlugin)
[debug] Plugins.deducer#function took 0.933887 ms
[debug]               Load.resolveProject(scala-essentials-build) took 0.509717ms
[debug]             Load.loadTransitive: finalizeProject(Project(id scala-essentials-build, base: /home/owais/Desktop/scala-essentials/project, plugins: List(<none>))) took 1.696593ms
[debug] [Loading] Done in /home/owais/Desktop/scala-essentials/project, returning: (scala-essentials-build)
[debug]           Load.loadUnit: loadedProjectsRaw took 2.379009ms
[debug]           Load.loadUnit: cleanEvalClasses took 0.004945ms
[debug]         Load.loadUnit(file:/home/owais/Desktop/scala-essentials/project/, ...) took 7.471701ms
[debug]       Load.apply: load took 7.967661ms
[debug]       Load.apply: resolveProjects took 0.065291ms
[debug]       Load.apply: finalTransforms took 3.418618ms
[debug]       Load.apply: config.delegates took 0.137988ms
[debug]       Load.apply: Def.make(settings)... took 34.929574ms
[debug]       Load.apply: structureIndex took 19.686881ms
[debug]       Load.apply: mkStreams took 0.002139ms
[info] loading project definition from /home/owais/Desktop/scala-essentials/project
[debug] Running task... Cancel: Signal, check cycles: false, forcegc: true
